Alreay exist connection 'local',override or rename it.
Alreay exist connection 'local',override or rename it.
Alreay exist connection 'local',override or rename it.
Alreay exist connection 'local',override or rename it.
Inner workflow is set.
==============Statistics of flow www==============
fetchList succ:  1
fetchList fail:  0
fetchList timeout:  0
fetchDetail succ:  0
fetchDetail fail:  0
fetchDetail timeout:  0
storeProxy succ:  0
storeProxy fail:  0
storeProxy timeout:  0
total succ:  1
total fail:  0
total timeout:  0
total time:  0.016077041626
['_SpiderOrigin__lasttime', '_SpiderOrigin__lock', '_Workflows__flowcount', '_Workflows__flows', '_Workflows__queuetype', '_Workflows__worknum', '_Workflows__worktype', '__class__', '__del__', '__delattr__', '__dict__', '__doc__', '__format__', '__getattribute__', '__hash__', '__init__', '__module__', '__new__', '__reduce__', '__reduce_ex__', '__repr__', '__setattr__', '__sizeof__', '__str__', '__subclasshook__', '__weakref__', 'addFollow', 'clearDataOne', 'clsname', 'deleteFollow', 'dones', 'dt', 'exit', 'extractFlow', 'fetchDatas', 'fetchDetail', 'fetchList', 'fire', 'headers', 'implementDataone', 'now', 'prepare', 'queue', 'stat', 'statistic', 'terminator', 'tid', 'timeout', 'tinder', 'totaltime', 'uniquetime', 'waitComplete', 'workers']
Alreay exist connection 'local',override or rename it.
Alreay exist connection 'local',override or rename it.
Alreay exist connection 'local',override or rename it.
Alreay exist connection 'local',override or rename it.
Inner workflow is set.
==============Statistics of flow www==============
fetchList succ:  1
fetchList fail:  0
fetchList timeout:  0
fetchDetail succ:  0
fetchDetail fail:  0
fetchDetail timeout:  0
storeProxy succ:  0
storeProxy fail:  0
storeProxy timeout:  0
total succ:  1
total fail:  0
total timeout:  0
total time:  0.00943207740784
['_SpiderOrigin__lasttime', '_SpiderOrigin__lock', '_Workflows__flowcount', '_Workflows__flows', '_Workflows__queuetype', '_Workflows__worknum', '_Workflows__worktype', '__class__', '__del__', '__delattr__', '__dict__', '__doc__', '__format__', '__getattribute__', '__hash__', '__init__', '__module__', '__new__', '__reduce__', '__reduce_ex__', '__repr__', '__setattr__', '__sizeof__', '__str__', '__subclasshook__', '__weakref__', 'addFollow', 'clearDataOne', 'clsname', 'deleteFollow', 'dones', 'dt', 'exit', 'extractFlow', 'fetchDatas', 'fetchDetail', 'fetchList', 'fire', 'headers', 'implementDataone', 'now', 'prepare', 'queue', 'stat', 'statistic', 'terminator', 'tid', 'timeout', 'tinder', 'totaltime', 'uniquetime', 'waitComplete', 'workers']
Alreay exist connection 'local',override or rename it.
Alreay exist connection 'local',override or rename it.
Alreay exist connection 'local',override or rename it.
Alreay exist connection 'local',override or rename it.
Inner workflow is set.
==============Statistics of flow www==============
fetchList succ:  1
fetchList fail:  0
fetchList timeout:  0
fetchDetail succ:  0
fetchDetail fail:  0
fetchDetail timeout:  0
storeProxy succ:  0
storeProxy fail:  0
storeProxy timeout:  0
total succ:  1
total fail:  0
total timeout:  0
total time:  0.00991797447205
['_SpiderOrigin__lasttime', '_SpiderOrigin__lock', '_Workflows__flowcount', '_Workflows__flows', '_Workflows__queuetype', '_Workflows__worknum', '_Workflows__worktype', '__class__', '__del__', '__delattr__', '__dict__', '__doc__', '__format__', '__getattribute__', '__hash__', '__init__', '__module__', '__new__', '__reduce__', '__reduce_ex__', '__repr__', '__setattr__', '__sizeof__', '__str__', '__subclasshook__', '__weakref__', 'addFollow', 'clearDataOne', 'clsname', 'deleteFollow', 'dones', 'dt', 'exit', 'extractFlow', 'fetchDatas', 'fetchDetail', 'fetchList', 'fire', 'headers', 'implementDataone', 'now', 'prepare', 'queue', 'stat', 'statistic', 'terminator', 'tid', 'timeout', 'tinder', 'totaltime', 'uniquetime', 'waitComplete', 'workers']
Alreay exist connection 'local',override or rename it.
Alreay exist connection 'local',override or rename it.
Alreay exist connection 'local',override or rename it.
Alreay exist connection 'local',override or rename it.
Inner workflow is set.
0
0
0
0
0
0
0
0
0
0
0
0
0
0
0
0
0
0
0
0
0
0
0
0
0
0
0
0
0
0
0
0
0
0
0
0
0
0
0
0
0
0
0
0
0
0
0
0
0
0
==============Statistics of flow www==============
fetchList succ:  50
fetchList fail:  0
fetchList timeout:  0
fetchDetail succ:  5000
fetchDetail fail:  0
fetchDetail timeout:  0
storeProxy succ:  5000
storeProxy fail:  0
storeProxy timeout:  0
total succ:  5050
total fail:  0
total timeout:  0
total time:  19.8984708786
['_SpiderOrigin__lasttime', '_SpiderOrigin__lock', '_Workflows__flowcount', '_Workflows__flows', '_Workflows__queuetype', '_Workflows__worknum', '_Workflows__worktype', '__class__', '__del__', '__delattr__', '__dict__', '__doc__', '__format__', '__getattribute__', '__hash__', '__init__', '__module__', '__new__', '__reduce__', '__reduce_ex__', '__repr__', '__setattr__', '__sizeof__', '__str__', '__subclasshook__', '__weakref__', 'addFollow', 'clearDataOne', 'clsname', 'deleteFollow', 'dones', 'dt', 'exit', 'extractFlow', 'fetchDatas', 'fetchDetail', 'fetchList', 'fire', 'headers', 'implementDataone', 'now', 'prepare', 'queue', 'stat', 'statistic', 'terminator', 'tid', 'timeout', 'tinder', 'totaltime', 'uniquetime', 'waitComplete', 'workers']
0
0
0
0
0
0
0
0
0
0
0
0
0
0
0
0
0
0
0
0
0
0
0
0
0
0
0
0
0
0
0
0
0
0
0
0
0
0
0
0
0
0
0
0
0
0
0
0
0
0
0
0
0
0
0
0
0
0
0
0
0
0
0
0
0
0
0
0
0
0
0
0
0
0
0
0
0
0
0
0
0
0
0
0
0
0
0
0
0
0
0
Alreay exist connection 'local',override or rename it.
Alreay exist connection 'local',override or rename it.
Alreay exist connection 'local',override or rename it.
Alreay exist connection 'local',override or rename it.
Inner workflow is set.
0
0
0
0
0
0
0
0
0
0
0
0
0
0
0
0
0
0
0
0
0
0
0
0
0
0
0
0
0
0
0
0
0
0
0
0
0
0
0
0
0
0
0
0
0
0
0
0
0
0
0
0
0
0
0
0
0
0
0
0
0
0
0
0
0
0
0
0
0
0
0
0
0
0
0
0
0
0
0
0
0
0
0
0
0
0
0
0
0
0
0
0
0
0
0
0
0
0
0
0
0
0
0
0
0
0
0
0
0
0
0
0
0
0
0
0
0
0
0
0
0
0
0
0
0
0
0
0
0
0
0
0
0
0
0
0
0
0
0
0
0
0
0
0
0
0
0
0
0
0
0
0
0
0
0
0
0
0
0
0
0
0
0
0
0
0
0
0
0
0
0
0
0
0
0
0
0
0
0
0
0
0
0
0
0
0
0
0
0
0
0
0
0
0
0
0
0
0
0
0
0
0
0
0
0
0
0
0
0
0
0
0
0
0
0
0
0
0
0
0
0
0
0
0
0
0
0
0
0
0
0
0
0
0
0
0
==============Statistics of flow www==============
fetchList succ:  154
fetchList fail:  0
fetchList timeout:  0
fetchDetail succ:  15399
fetchDetail fail:  0
fetchDetail timeout:  0
storeProxy succ:  37700
storeProxy fail:  0
storeProxy timeout:  0
total succ:  15553
total fail:  0
total timeout:  0
total time:  68.3516008854
['_SpiderOrigin__lasttime', '_SpiderOrigin__lock', '_Workflows__flowcount', '_Workflows__flows', '_Workflows__queuetype', '_Workflows__worknum', '_Workflows__worktype', '__class__', '__del__', '__delattr__', '__dict__', '__doc__', '__format__', '__getattribute__', '__hash__', '__init__', '__module__', '__new__', '__reduce__', '__reduce_ex__', '__repr__', '__setattr__', '__sizeof__', '__str__', '__subclasshook__', '__weakref__', 'addFollow', 'clearDataOne', 'clsname', 'deleteFollow', 'dones', 'dt', 'exit', 'extractFlow', 'fetchDatas', 'fetchDetail', 'fetchList', 'fire', 'headers', 'implementDataone', 'now', 'prepare', 'queue', 'stat', 'statistic', 'terminator', 'tid', 'timeout', 'tinder', 'totaltime', 'uniquetime', 'waitComplete', 'workers']
0
0
0
0
0
0
0
0
0
0
0
0
0
0
0
0
0
0
0
0
0
0
0
0
0
0
0
0
0
0
0
0
0
0
0
0
0
0
0
0
0
0
0
0
0
0
0
0
0
0
0
0
0
0
0
0
0
0
0
0
0
0
0
0
0
0
0
0
0
0
0
0
0
0
0
0
0
0
0
0
0
0
0
0
0
0
0
0
0
0
0
0
0
0
0
0
0
0
0
0
0
0
0
0
0
0
0
0
0
0
0
0
0
0
0
0
0
0
0
0
0
0
0
0
0
0
0
0
0
0
0
0
0
0
0
0
0
0
0
0
0
0
0
0
0
0
0
0
0
0
0
0
0
0
0
0
0
0
0
0
0
0
0
0
0
0
0
0
0
0
0
0
0
0
0
0
0
0
0
0
0
0
0
0
0
0
0
0
0
0
0
0
0
0
0
0
0
0
0
0
0
0
0
0
0
0
0
Alreay exist connection 'local',override or rename it.
Alreay exist connection 'local',override or rename it.
Alreay exist connection 'local',override or rename it.
Alreay exist connection 'local',override or rename it.
Inner workflow is set.
0
0
0
0
0
0
0
0
0
0
0
0
0
0
0
0
0
0
0
0
0
0
0
0
0
0
0
0
0
0
0
0
0
0
0
0
0
0
0
0
0
0
0
0
0
0
0
0
0
0
0
0
0
0
0
0
0
0
0
0
0
0
0
0
0
0
0
0
0
0
0
0
0
0
0
0
0
0
0
0
0
0
0
0
0
0
0
0
0
0
0
0
0
0
0
0
0
0
0
0
0
0
0
0
0
0
0
0
0
0
0
0
==============Statistics of flow www==============
fetchList succ:  53
fetchList fail:  0
fetchList timeout:  0
fetchDetail succ:  5300
fetchDetail fail:  0
fetchDetail timeout:  0
storeProxy succ:  69477
storeProxy fail:  0
storeProxy timeout:  0
total succ:  5353
total fail:  0
total timeout:  0
total time:  27.2307219505
['_SpiderOrigin__lasttime', '_SpiderOrigin__lock', '_Workflows__flowcount', '_Workflows__flows', '_Workflows__queuetype', '_Workflows__worknum', '_Workflows__worktype', '__class__', '__del__', '__delattr__', '__dict__', '__doc__', '__format__', '__getattribute__', '__hash__', '__init__', '__module__', '__new__', '__reduce__', '__reduce_ex__', '__repr__', '__setattr__', '__sizeof__', '__str__', '__subclasshook__', '__weakref__', 'addFollow', 'clearDataOne', 'clsname', 'deleteFollow', 'dones', 'dt', 'exit', 'extractFlow', 'fetchDatas', 'fetchDetail', 'fetchList', 'fire', 'headers', 'implementDataone', 'now', 'prepare', 'queue', 'stat', 'statistic', 'terminator', 'tid', 'timeout', 'tinder', 'totaltime', 'uniquetime', 'waitComplete', 'workers']
0
0
0
0
0
0
0
0
0
0
0
0
0
0
0
0
0
0
0
0
0
0
0
0
0
0
0
0
0
0
0
0
0
0
0
0
0
0
0
0
0
0
0
0
0
0
0
0
0
0
0
0
0
0
0
0
0
0
